2026-07-03 22:25:25,102 - httpx - INFO - HTTP Request: GET https://reprogram-unstylish-coming.ngrok-free.dev/photo.jpg "HTTP/1.1 200 OK"
2026-07-03 22:25:26,570 - httpx - INFO - HTTP Request: GET https://reprogram-unstylish-coming.ngrok-free.dev/photo.jpg "HTTP/1.1 200 OK"
2026-07-03 22:25:26,893 - httpx - INFO - HTTP Request: GET https://reprogram-unstylish-coming.ngrok-free.dev/photo.jpg "HTTP/1.1 200 OK"
2026-07-03 22:25:28,770 - httpx - INFO - HTTP Request: GET https://reprogram-unstylish-coming.ngrok-free.dev/photo.jpg "HTTP/1.1 200 OK"
2026-07-03 22:25:33,905 - httpx - INFO - HTTP Request: GET https://reprogram-unstylish-coming.ngrok-free.dev/photo.jpg "HTTP/1.1 200 OK"
2026-07-03 22:25:34,001 - httpx - INFO - HTTP Request: POST http://host.docker.internal:20128/v1/chat/completions "HTTP/1.1 200 OK"
2026-07-03 22:25:35,163 - httpx - INFO - HTTP Request: GET https://reprogram-unstylish-coming.ngrok-free.dev/photo.jpg "HTTP/1.1 200 OK"
2026-07-03 22:25:36,489 - httpx - INFO - HTTP Request: GET https://reprogram-unstylish-coming.ngrok-free.dev/photo.jpg "HTTP/1.1 200 OK"
2026-07-03 22:25:39,425 - httpx - INFO - HTTP Request: GET https://reprogram-unstylish-coming.ngrok-free.dev/photo.jpg "HTTP/1.1 200 OK"
2026-07-03 22:25:40,105 - httpx - INFO - HTTP Request: POST http://host.docker.internal:20128/v1/chat/completions "HTTP/1.1 200 OK"
2026-07-03 22:25:40,781 - httpx - INFO - HTTP Request: GET https://reprogram-unstylish-coming.ngrok-free.dev/photo.jpg "HTTP/1.1 200 OK"
2026-07-03 22:25:42,125 - httpx - INFO - HTTP Request: GET https://reprogram-unstylish-coming.ngrok-free.dev/photo.jpg "HTTP/1.1 200 OK"
2026-07-03 22:25:45,728 - httpx - INFO - HTTP Request: POST http://host.docker.internal:20128/v1/chat/completions "HTTP/1.1 200 OK"
2026-07-03 22:25:54,164 - httpx - INFO - HTTP Request: GET https://reprogram-unstylish-coming.ngrok-free.dev/photo.jpg "HTTP/1.1 200 OK"
2026-07-03 22:25:55,488 - httpx - INFO - HTTP Request: GET https://reprogram-unstylish-coming.ngrok-free.dev/photo.jpg "HTTP/1.1 200 OK"
2026-07-03 22:25:56,792 - httpx - INFO - HTTP Request: GET https://reprogram-unstylish-coming.ngrok-free.dev/photo.jpg "HTTP/1.1 200 OK"
2026-07-03 22:26:01,986 - httpx - INFO - HTTP Request: POST http://host.docker.internal:20128/v1/chat/completions "HTTP/1.1 200 OK"
2026-07-03 22:26:09,756 - httpx - INFO - HTTP Request: GET https://reprogram-unstylish-coming.ngrok-free.dev/photo.jpg "HTTP/1.1 200 OK"
2026-07-03 22:26:11,089 - httpx - INFO - HTTP Request: GET https://reprogram-unstylish-coming.ngrok-free.dev/photo.jpg "HTTP/1.1 200 OK"
2026-07-03 22:26:12,445 - httpx - INFO - HTTP Request: GET https://reprogram-unstylish-coming.ngrok-free.dev/photo.jpg "HTTP/1.1 200 OK"
2026-07-03 22:26:15,938 - httpx - INFO - HTTP Request: POST http://host.docker.internal:20128/v1/chat/completions "HTTP/1.1 200 OK"
2026-07-03 22:26:23,928 - httpx - INFO - HTTP Request: GET https://reprogram-unstylish-coming.ngrok-free.dev/photo.jpg "HTTP/1.1 200 OK"
2026-07-03 22:26:25,261 - httpx - INFO - HTTP Request: GET https://reprogram-unstylish-coming.ngrok-free.dev/photo.jpg "HTTP/1.1 200 OK"
2026-07-03 22:26:26,540 - httpx - INFO - HTTP Request: GET https://reprogram-unstylish-coming.ngrok-free.dev/photo.jpg "HTTP/1.1 200 OK"
2026-07-03 22:26:30,767 - httpx - INFO - HTTP Request: POST http://host.docker.internal:20128/v1/chat/completions "HTTP/1.1 200 OK"
2026-07-03 22:26:40,391 - httpx - INFO - HTTP Request: GET https://reprogram-unstylish-coming.ngrok-free.dev/photo.jpg "HTTP/1.1 200 OK"
2026-07-03 22:26:41,647 - httpx - INFO - HTTP Request: GET https://reprogram-unstylish-coming.ngrok-free.dev/photo.jpg "HTTP/1.1 200 OK"
2026-07-03 22:26:42,952 - httpx - INFO - HTTP Request: GET https://reprogram-unstylish-coming.ngrok-free.dev/photo.jpg "HTTP/1.1 200 OK"
2026-07-03 22:26:49,221 - httpx - INFO - HTTP Request: POST http://host.docker.internal:20128/v1/chat/completions "HTTP/1.1 200 OK"
2026-07-03 22:26:56,844 - httpx - INFO - HTTP Request: GET https://reprogram-unstylish-coming.ngrok-free.dev/photo.jpg "HTTP/1.1 200 OK"
2026-07-03 22:26:58,360 - httpx - INFO - HTTP Request: GET https://reprogram-unstylish-coming.ngrok-free.dev/photo.jpg "HTTP/1.1 200 OK"
2026-07-03 22:26:59,635 - httpx - INFO - HTTP Request: GET https://reprogram-unstylish-coming.ngrok-free.dev/photo.jpg "HTTP/1.1 200 OK"
2026-07-03 22:27:07,564 - httpx - INFO - HTTP Request: POST http://host.docker.internal:20128/v1/chat/completions "HTTP/1.1 200 OK"
2026-07-03 22:27:17,284 - httpx - INFO - HTTP Request: GET https://reprogram-unstylish-coming.ngrok-free.dev/photo.jpg "HTTP/1.1 200 OK"
2026-07-03 22:27:18,641 - httpx - INFO - HTTP Request: GET https://reprogram-unstylish-coming.ngrok-free.dev/photo.jpg "HTTP/1.1 200 OK"
2026-07-03 22:27:19,927 - httpx - INFO - HTTP Request: GET https://reprogram-unstylish-coming.ngrok-free.dev/photo.jpg "HTTP/1.1 200 OK"
2026-07-03 22:27:26,997 - httpx - INFO - HTTP Request: POST http://host.docker.internal:20128/v1/chat/completions "HTTP/1.1 200 OK"
2026-07-03 22:27:39,197 - httpx - INFO - HTTP Request: GET https://reprogram-unstylish-coming.ngrok-free.dev/photo.jpg "HTTP/1.1 200 OK"
2026-07-03 22:27:40,595 - httpx - INFO - HTTP Request: GET https://reprogram-unstylish-coming.ngrok-free.dev/photo.jpg "HTTP/1.1 200 OK"
2026-07-03 22:27:42,224 - httpx - INFO - HTTP Request: GET https://reprogram-unstylish-coming.ngrok-free.dev/photo.jpg "HTTP/1.1 200 OK"
2026-07-03 22:27:46,359 - httpx - INFO - HTTP Request: POST http://host.docker.internal:20128/v1/chat/completions "HTTP/1.1 200 OK"
2026-07-03 22:27:54,907 - httpx - INFO - HTTP Request: GET https://reprogram-unstylish-coming.ngrok-free.dev/photo.jpg "HTTP/1.1 200 OK"
2026-07-03 22:27:56,220 - httpx - INFO - HTTP Request: GET https://reprogram-unstylish-coming.ngrok-free.dev/photo.jpg "HTTP/1.1 200 OK"
2026-07-03 22:27:57,519 - httpx - INFO - HTTP Request: GET https://reprogram-unstylish-coming.ngrok-free.dev/photo.jpg "HTTP/1.1 200 OK"
2026-07-03 22:28:01,517 - httpx - INFO - HTTP Request: POST http://host.docker.internal:20128/v1/chat/completions "HTTP/1.1 200 OK"
2026-07-03 22:28:11,704 - httpx - INFO - HTTP Request: GET https://reprogram-unstylish-coming.ngrok-free.dev/photo.jpg "HTTP/1.1 200 OK"
2026-07-03 22:28:12,988 - httpx - INFO - HTTP Request: GET https://reprogram-unstylish-coming.ngrok-free.dev/photo.jpg "HTTP/1.1 200 OK"
2026-07-03 22:28:14,281 - httpx - INFO - HTTP Request: GET https://reprogram-unstylish-coming.ngrok-free.dev/photo.jpg "HTTP/1.1 200 OK"
2026-07-03 22:28:18,484 - httpx - INFO - HTTP Request: POST http://host.docker.internal:20128/v1/chat/completions "HTTP/1.1 200 OK"
2026-07-03 22:28:25,906 - httpx - INFO - HTTP Request: GET https://reprogram-unstylish-coming.ngrok-free.dev/photo.jpg "HTTP/1.1 200 OK"
2026-07-03 22:28:27,213 - httpx - INFO - HTTP Request: GET https://reprogram-unstylish-coming.ngrok-free.dev/photo.jpg "HTTP/1.1 200 OK"
2026-07-03 22:28:28,560 - httpx - INFO - HTTP Request: GET https://reprogram-unstylish-coming.ngrok-free.dev/photo.jpg "HTTP/1.1 200 OK"
2026-07-03 22:28:35,900 - httpx - INFO - HTTP Request: POST http://host.docker.internal:20128/v1/chat/completions "HTTP/1.1 200 OK"
2026-07-03 22:28:44,768 - httpx - INFO - HTTP Request: GET https://reprogram-unstylish-coming.ngrok-free.dev/photo.jpg "HTTP/1.1 200 OK"
2026-07-03 22:28:46,073 - httpx - INFO - HTTP Request: GET https://reprogram-unstylish-coming.ngrok-free.dev/photo.jpg "HTTP/1.1 200 OK"
2026-07-03 22:28:47,376 - httpx - INFO - HTTP Request: GET https://reprogram-unstylish-coming.ngrok-free.dev/photo.jpg "HTTP/1.1 200 OK"
2026-07-03 22:28:50,511 - httpx - INFO - HTTP Request: POST http://host.docker.internal:20128/v1/chat/completions "HTTP/1.1 200 OK"
2026-07-03 22:28:58,278 - httpx - INFO - HTTP Request: GET https://reprogram-unstylish-coming.ngrok-free.dev/photo.jpg "HTTP/1.1 200 OK"
2026-07-03 22:28:59,634 - httpx - INFO - HTTP Request: GET https://reprogram-unstylish-coming.ngrok-free.dev/photo.jpg "HTTP/1.1 200 OK"
2026-07-03 22:29:00,904 - httpx - INFO - HTTP Request: GET https://reprogram-unstylish-coming.ngrok-free.dev/photo.jpg "HTTP/1.1 200 OK"
2026-07-03 22:29:04,290 - httpx - INFO - HTTP Request: POST http://host.docker.internal:20128/v1/chat/completions "HTTP/1.1 200 OK"
2026-07-03 22:29:14,799 - httpx - INFO - HTTP Request: GET https://reprogram-unstylish-coming.ngrok-free.dev/photo.jpg "HTTP/1.1 200 OK"
2026-07-03 22:29:16,110 - httpx - INFO - HTTP Request: GET https://reprogram-unstylish-coming.ngrok-free.dev/photo.jpg "HTTP/1.1 200 OK"
2026-07-03 22:29:17,389 - httpx - INFO - HTTP Request: GET https://reprogram-unstylish-coming.ngrok-free.dev/photo.jpg "HTTP/1.1 200 OK"
2026-07-03 22:29:21,604 - httpx - INFO - HTTP Request: POST http://host.docker.internal:20128/v1/chat/completions "HTTP/1.1 200 OK"
2026-07-03 22:31:05,560 - httpx - INFO - HTTP Request: GET https://reprogram-unstylish-coming.ngrok-free.dev/photo.jpg "HTTP/1.1 502 Bad Gateway"
2026-07-03 22:31:07,948 - httpx - INFO - HTTP Request: GET https://reprogram-unstylish-coming.ngrok-free.dev/photo "HTTP/1.1 502 Bad Gateway"
2026-07-03 22:31:10,231 - httpx - INFO - HTTP Request: GET https://reprogram-unstylish-coming.ngrok-free.dev/snapshot.jpg "HTTP/1.1 502 Bad Gateway"
2026-07-03 22:31:12,448 - httpx - INFO - HTTP Request: GET https://reprogram-unstylish-coming.ngrok-free.dev/snapshot "HTTP/1.1 502 Bad Gateway"
2026-07-03 22:31:13,457 - ai_service - ERROR - Camera stream error for ID 1: Không lấy được frame. Camera phản hồi quá chậm. Hãy kiểm tra Wi-Fi/hotspot, giữ app iPhone mở màn hình và thử lại.
